<?xml version="1.0" encoding="UTF-8"?>
<!-- Generated by org.testng.reporters.JUnitReportReporter -->
<testsuite hostname="user-PC" failures="0" tests="5" name="com.crm.qa.testcases.HomePageTest" time="90.955" errors="0" timestamp="2020-03-29T12:04:22 IST" skipped="0">
  <testcase classname="com.crm.qa.testcases.HomePageTest" name="homePageTitleTest" time="17.251"/>
  <system-out/>
  <testcase classname="com.crm.qa.testcases.HomePageTest" name="verifyUserNameLabelTest" time="17.516"/>
  <system-out/>
  <testcase classname="com.crm.qa.testcases.HomePageTest" name="clickOnContactsTest" time="18.784"/>
  <system-out/>
  <testcase classname="com.crm.qa.testcases.HomePageTest" name="clickOnDealsTest" time="19.001"/>
  <system-out/>
  <testcase classname="com.crm.qa.testcases.HomePageTest" name="clickOnTasksTest" time="18.403"/>
  <system-out/>
</testsuite> <!-- com.crm.qa.testcases.HomePageTest -->
